<?xml version="1.0" encoding="UTF-8"?>
<testsuite xmlns:xsi="http://www.w3.org/2001/XMLSchema-instance" xsi:noNamespaceSchemaLocation="https://maven.apache.org/surefire/maven-surefire-plugin/xsd/surefire-test-report-3.0.xsd" version="3.0" name="com.exercicis.TestExercici0" time="0.326" tests="35" errors="0" skipped="0" failures="0">
  <properties>
[...]
</properties>
  <testcase name="testValidarFactors" classname="com.exercicis.TestExercici0" time="0.033"/>
  <testcase name="testValidarData" classname="com.exercicis.TestExercici0" time="0.012">
    <system-out><![CDATA[2023-04-15 false
2023-02-30 false
2023-13-01 false
2023-06-31 false
2023-02-29 false
2024-02-29 true
1000-01-01 false
9999-12-31 false
2023-00-10 false
2023-05-00 false
2023-05-32 false
2023-01-41 false
]]></system-out>
  </testcase>
  <testcase name="testValidarEdat" classname="com.exercicis.TestExercici0" time="0.003"/>
  <testcase name="testValidarPreu" classname="com.exercicis.TestExercici0" time="0.006"/>
  <testcase name="testLlegirFactors" classname="com.exercicis.TestExercici0" time="0.039"/>
  <testcase name="testModificarOperacio" classname="com.exercicis.TestExercici0" time="0.001"/>
  <testcase name="testEsborrarClient" classname="com.exercicis.TestExercici0" time="0.001"/>
  <testcase name="testModificarClient" classname="com.exercicis.TestExercici0" time="0.0"/>
  <testcase name="testLlistarOperacions" classname="com.exercicis.TestExercici0" time="0.002"/>
  <testcase name="testTaulaOperacionsClient0" classname="com.exercicis.TestExercici0" time="0.018">
    <system-out><![CDATA[Joan, 30 left 25
[autònom, risc mitjà] right 30
Joan, 30                          [autònom, risc mitjà]
Gestió laboral left 30
2023-09-01 left 10
300.00 right 15
Gestió laboral                2023-09-01         300.00
Declaració d'impostos left 30
2023-10-06 left 10
150.00 right 15
Declaració d'impostos         2023-10-06         150.00
Suma: 450.00 right 55
                                           Suma: 450.00
Descompte: 10% left 30
Preu: 405.00 right 25
Descompte: 10%                             Preu: 405.00
Impostos:  21% (85.05) left 30
Total: 490.05 right 25
Impostos:  21% (85.05)                    Total: 490.05
]]></system-out>
  </testcase>
  <testcase name="testTaulaOperacionsClient1" classname="com.exercicis.TestExercici0" time="0.007">
    <system-out><![CDATA[Marta Puig i Puig, 45 left 25
[empresa, risc alt] right 30
Marta Puig i Puig, 45               [empresa, risc alt]
Constitució de societat left 30
2024-01-15 left 10
1250.50 right 15
Constitució de societat       2024-01-15        1250.50
Testament left 30
2024-02-28 left 10
755.75 right 15
Testament                     2024-02-28         755.75
Acta notarial left 30
2024-03-10 left 10
500.25 right 15
Acta notarial                 2024-03-10         500.25
Suma: 2506.50 right 55
                                          Suma: 2506.50
Descompte: 10% left 30
Preu: 2255.85 right 25
Descompte: 10%                            Preu: 2255.85
Impostos:  21% (473.73) left 30
Total: 2729.58 right 25
Impostos:  21% (473.73)                  Total: 2729.58
]]></system-out>
  </testcase>
  <testcase name="testTaulaOperacionsClient2" classname="com.exercicis.TestExercici0" time="0.005">
    <system-out><![CDATA[Pere Vila, 25 left 25
[estudiant, risc baix] right 30
Pere Vila, 25                    [estudiant, risc baix]
Certificat left 30
2024-01-10 left 10
25.50 right 15
Certificat                    2024-01-10          25.50
Fotocòpia left 30
2024-01-15 left 10
15.25 right 15
Fotocòpia                     2024-01-15          15.25
Segell left 30
2024-01-20 left 10
35.50 right 15
Segell                        2024-01-20          35.50
Suma: 76.25 right 55
                                            Suma: 76.25
Descompte: 10% left 30
Preu: 68.63 right 25
Descompte: 10%                              Preu: 68.63
Impostos:  21% (14.41) left 30
Total: 83.04 right 25
Impostos:  21% (14.41)                     Total: 83.04
]]></system-out>
  </testcase>
  <testcase name="testValidarTipusOperacio" classname="com.exercicis.TestExercici0" time="0.002"/>
  <testcase name="testValidarNom" classname="com.exercicis.TestExercici0" time="0.014"/>
  <testcase name="testObtenirOpcio" classname="com.exercicis.TestExercici0" time="0.013">
    <system-out><![CDATA[Selecciona una opció (número o paraula clau): Selecciona una opció (número o paraula clau): Selecciona una opció (número o paraula clau): Selecciona una opció (número o paraula clau): Selecciona una opció (número o paraula clau): Selecciona una opció (número o paraula clau): Selecciona una opció (número o paraula clau): Selecciona una opció (número o paraula clau): Selecciona una opció (número o paraula clau): Selecciona una opció (número o paraula clau): Selecciona una opció (número o paraula clau): Selecciona una opció (número o paraula clau): Selecciona una opció (número o paraula clau): Selecciona una opció (número o paraula clau): ]]></system-out>
  </testcase>
  <testcase name="testGeneraClauOperacio" classname="com.exercicis.TestExercici0" time="0.022"/>
  <testcase name="testDibuixarLlista" classname="com.exercicis.TestExercici0" time="0.002"/>
  <testcase name="testValidarDescompte" classname="com.exercicis.TestExercici0" time="0.004"/>
  <testcase name="testIsAllDigits" classname="com.exercicis.TestExercici0" time="0.002"/>
  <testcase name="testLlistarClientsMenu" classname="com.exercicis.TestExercici0" time="0.0"/>
  <testcase name="testValidarClients" classname="com.exercicis.TestExercici0" time="0.002"/>
  <testcase name="testLlistarOperacionsClient" classname="com.exercicis.TestExercici0" time="0.005"/>
  <testcase name="testLlegirDescompte" classname="com.exercicis.TestExercici0" time="0.01"/>
  <testcase name="testGetCadenesMenu" classname="com.exercicis.TestExercici0" time="0.002"/>
  <testcase name="testModificarClientMenu" classname="com.exercicis.TestExercici0" time="0.004"/>
  <testcase name="testLlegirNom" classname="com.exercicis.TestExercici0" time="0.004"/>
  <testcase name="testAfegirClient" classname="com.exercicis.TestExercici0" time="0.001"/>
  <testcase name="testEsborrarOperacio" classname="com.exercicis.TestExercici0" time="0.001"/>
  <testcase name="testAfegirClientMenu" classname="com.exercicis.TestExercici0" time="0.002"/>
  <testcase name="testLlistarClients" classname="com.exercicis.TestExercici0" time="0.0"/>
  <testcase name="testAfegirOperacio" classname="com.exercicis.TestExercici0" time="0.0"/>
  <testcase name="testEsborrarClientMenu" classname="com.exercicis.TestExercici0" time="0.001"/>
  <testcase name="testLlegirEdat" classname="com.exercicis.TestExercici0" time="0.002"/>
  <testcase name="testGeneraClauClient" classname="com.exercicis.TestExercici0" time="0.004"/>
  <testcase name="testAlineaColumnes" classname="com.exercicis.TestExercici0" time="0.007">
    <system-out><![CDATA[Hello left 7
Hello  
Hello right 7
  Hello
Hello center 7
 Hello 
Name left 10
Age center 5
Rost center 7
City right 8
Name       Age  Rost      City
VeryLongText left 5
VeryL
 center 4
    
]]></system-out>
  </testcase>
</testsuite>